<?xml version="1.0" encoding="UTF-8"?>
<testng-results ignored="0" total="1" passed="1" failed="0" skipped="0">
  <reporter-output>
    <line>
      <![CDATA[openBrowser]]>
    </line>
    <line>
      <![CDATA[closeBrowser]]>
    </line>
    <line>
      <![CDATA[CreateCustomer]]>
    </line>
    <line>
      <![CDATA[closeBrowser]]>
    </line>
    <line>
      <![CDATA[closeBrowser]]>
    </line>
  </reporter-output>
  <suite started-at="2023-07-24T11:49:59 IST" name="Default suite" finished-at="2023-07-24T11:50:50 IST" duration-ms="51405">
    <groups>
    </groups>
    <test started-at="2023-07-24T11:49:59 IST" name="Default test" finished-at="2023-07-24T11:50:50 IST" duration-ms="51405">
      <class name="com.actitime.testscript.CreateModule">
        <test-method is-config="true" signature="openBrowser()[pri:0, instance:com.actitime.testscript.CreateModule@1fa121e2]" started-at="2023-07-24T11:49:59 IST" name="openBrowser" finished-at="2023-07-24T11:50:00 IST" duration-ms="1843" status="PASS">
          <reporter-output>
            <line>
              <![CDATA[openBrowser]]>
            </line>
          </reporter-output>
        </test-method> <!-- openBrowser -->
        <test-method is-config="true" signature="login()[pri:0, instance:com.actitime.testscript.CreateModule@1fa121e2]" started-at="2023-07-24T11:50:01 IST" name="login" finished-at="2023-07-24T11:50:13 IST" duration-ms="12370" status="PASS">
          <reporter-output>
            <line>
              <![CDATA[closeBrowser]]>
            </line>
          </reporter-output>
        </test-method> <!-- login -->
        <test-method signature="testCreateCustomer()[pri:0, instance:com.actitime.testscript.CreateModule@1fa121e2]" started-at="2023-07-24T11:50:13 IST" name="testCreateCustomer" finished-at="2023-07-24T11:50:38 IST" duration-ms="24907" status="PASS">
          <reporter-output>
            <line>
              <![CDATA[CreateCustomer]]>
            </line>
          </reporter-output>
        </test-method> <!-- testCreateCustomer -->
        <test-method is-config="true" signature="logout()[pri:0, instance:com.actitime.testscript.CreateModule@1fa121e2]" started-at="2023-07-24T11:50:38 IST" name="logout" finished-at="2023-07-24T11:50:50 IST" duration-ms="11813" status="PASS">
          <reporter-output>
            <line>
              <![CDATA[closeBrowser]]>
            </line>
          </reporter-output>
        </test-method> <!-- logout -->
        <test-method is-config="true" signature="closeBrowser()[pri:0, instance:com.actitime.testscript.CreateModule@1fa121e2]" started-at="2023-07-24T11:50:50 IST" name="closeBrowser" finished-at="2023-07-24T11:50:50 IST" duration-ms="432" status="PASS">
          <reporter-output>
            <line>
              <![CDATA[closeBrowser]]>
            </line>
          </reporter-output>
        </test-method> <!-- closeBrowser -->
      </class> <!-- com.actitime.testscript.CreateModule -->
    </test> <!-- Default test -->
  </suite> <!-- Default suite -->
</testng-results>
